{
  "stats": {
    "suites": 1,
    "tests": 9,
    "passes": 9,
    "pending": 0,
    "failures": 0,
    "start": "2017-04-15T06:01:50.801Z",
    "end": "2017-04-15T06:01:50.823Z",
    "duration": 22,
    "testsRegistered": 9,
    "passPercent": 100,
    "pendingPercent": 0,
    "other": 0,
    "hasOther": false,
    "skipped": 0,
    "hasSkipped": false,
    "passPercentClass": "success",
    "pendingPercentClass": "danger"
  },
  "suites": {
    "title": "",
    "suites": [
      {
        "title": "三角形类型判断测试",
        "suites": [],
        "tests": [
          {
            "title": "类型输入错误时提醒输入错误",
            "fullTitle": "三角形类型判断测试 类型输入错误时提醒输入错误",
            "timedOut": false,
            "duration": 0,
            "state": "passed",
            "speed": "fast",
            "pass": true,
            "fail": false,
            "pending": false,
            "code": "expect(getTriangleType(\"excuse\", 23, 45)).to.be.equal(\"输入类型错误\");",
            "err": {},
            "isRoot": false,
            "uuid": "9efed5f3-b05d-42e8-a0ed-c96acba1f13f",
            "parentUUID": "a0d9b37d-731b-4eb2-bb77-a01737bea265",
            "skipped": false
          },
          {
            "title": "输入负数时提醒输入错误",
            "fullTitle": "三角形类型判断测试 输入负数时提醒输入错误",
            "timedOut": false,
            "duration": 0,
            "state": "passed",
            "speed": "fast",
            "pass": true,
            "fail": false,
            "pending": false,
            "code": "expect(getTriangleType(-1, 4, 5)).to.be.equal(\"边必须为正数\");",
            "err": {},
            "isRoot": false,
            "uuid": "e224fcf3-6420-4e63-9092-4c9abc58eb00",
            "parentUUID": "a0d9b37d-731b-4eb2-bb77-a01737bea265",
            "skipped": false
          },
          {
            "title": "三边相等应该是等边三角形",
            "fullTitle": "三角形类型判断测试 三边相等应该是等边三角形",
            "timedOut": false,
            "duration": 0,
            "state": "passed",
            "speed": "fast",
            "pass": true,
            "fail": false,
            "pending": false,
            "code": "expect(getTriangleType(3, 3, 3)).to.be.equal(\"等边三角形\");",
            "err": {},
            "isRoot": false,
            "uuid": "498eae01-8647-45bf-90b5-2c2f22f5be91",
            "parentUUID": "a0d9b37d-731b-4eb2-bb77-a01737bea265",
            "skipped": false
          },
          {
            "title": "构成直角三角形时输出结果",
            "fullTitle": "三角形类型判断测试 构成直角三角形时输出结果",
            "timedOut": false,
            "duration": 0,
            "state": "passed",
            "speed": "fast",
            "pass": true,
            "fail": false,
            "pending": false,
            "code": "expect(getTriangleType(3, 4, 5)).to.be.equal(\"直角三角形\");",
            "err": {},
            "isRoot": false,
            "uuid": "103e34d1-9c80-40be-8c62-4740ee1d448e",
            "parentUUID": "a0d9b37d-731b-4eb2-bb77-a01737bea265",
            "skipped": false
          },
          {
            "title": "应该判断直角三角形类型",
            "fullTitle": "三角形类型判断测试 应该判断直角三角形类型",
            "timedOut": false,
            "duration": 0,
            "state": "passed",
            "speed": "fast",
            "pass": true,
            "fail": false,
            "pending": false,
            "code": "expect(getTriangleType(1, 1, Math.sqrt(2))).to.be.equal(\"等腰直角三角形\");",
            "err": {},
            "isRoot": false,
            "uuid": "1543f809-b78f-4c0c-af83-3bb106feb882",
            "parentUUID": "a0d9b37d-731b-4eb2-bb77-a01737bea265",
            "skipped": false
          },
          {
            "title": "判断等腰三角形类型（锐角）",
            "fullTitle": "三角形类型判断测试 判断等腰三角形类型（锐角）",
            "timedOut": false,
            "duration": 1,
            "state": "passed",
            "speed": "fast",
            "pass": true,
            "fail": false,
            "pending": false,
            "code": "expect(getTriangleType(3, 3, 4)).to.be.equal(\"等腰锐角三角形\");",
            "err": {},
            "isRoot": false,
            "uuid": "eb613bd9-f72c-460b-908d-1df814f01a65",
            "parentUUID": "a0d9b37d-731b-4eb2-bb77-a01737bea265",
            "skipped": false
          },
          {
            "title": "判断等腰三角形类型（钝角）",
            "fullTitle": "三角形类型判断测试 判断等腰三角形类型（钝角）",
            "timedOut": false,
            "duration": 0,
            "state": "passed",
            "speed": "fast",
            "pass": true,
            "fail": false,
            "pending": false,
            "code": "expect(getTriangleType(4, 4, 7)).to.be.equal(\"等腰钝角三角形\");",
            "err": {},
            "isRoot": false,
            "uuid": "152c5277-1109-45dd-af54-dedb87b94c9e",
            "parentUUID": "a0d9b37d-731b-4eb2-bb77-a01737bea265",
            "skipped": false
          },
          {
            "title": "三遍不能构成三角形时输出错误",
            "fullTitle": "三角形类型判断测试 三遍不能构成三角形时输出错误",
            "timedOut": false,
            "duration": 0,
            "state": "passed",
            "speed": "fast",
            "pass": true,
            "fail": false,
            "pending": false,
            "code": "expect(getTriangleType(23, 45, 21)).to.be.equal(\"不能构成三角形\");",
            "err": {},
            "isRoot": false,
            "uuid": "c6fea6bf-834b-4f78-a8a9-d02f7a738404",
            "parentUUID": "a0d9b37d-731b-4eb2-bb77-a01737bea265",
            "skipped": false
          },
          {
            "title": "判断钝角三角形",
            "fullTitle": "三角形类型判断测试 判断钝角三角形",
            "timedOut": false,
            "duration": 0,
            "state": "passed",
            "speed": "fast",
            "pass": true,
            "fail": false,
            "pending": false,
            "code": "expect(getTriangleType(2, 3, 4)).to.be.equal(\"钝角三角形\");",
            "err": {},
            "isRoot": false,
            "uuid": "da9fef00-7ad4-411c-94ee-9c769a6069f9",
            "parentUUID": "a0d9b37d-731b-4eb2-bb77-a01737bea265",
            "skipped": false
          }
        ],
        "pending": [],
        "root": false,
        "_timeout": 2000,
        "file": "\\test\\triangle.test.js",
        "uuid": "a0d9b37d-731b-4eb2-bb77-a01737bea265",
        "fullFile": "C:\\Users\\zhang\\Desktop\\软测\\SoftwareTesting\\test\\triangle.test.js",
        "passes": [
          {
            "title": "类型输入错误时提醒输入错误",
            "fullTitle": "三角形类型判断测试 类型输入错误时提醒输入错误",
            "timedOut": false,
            "duration": 0,
            "state": "passed",
            "speed": "fast",
            "pass": true,
            "fail": false,
            "pending": false,
            "code": "expect(getTriangleType(\"excuse\", 23, 45)).to.be.equal(\"输入类型错误\");",
            "err": {},
            "isRoot": false,
            "uuid": "9efed5f3-b05d-42e8-a0ed-c96acba1f13f",
            "parentUUID": "a0d9b37d-731b-4eb2-bb77-a01737bea265",
            "skipped": false
          },
          {
            "title": "输入负数时提醒输入错误",
            "fullTitle": "三角形类型判断测试 输入负数时提醒输入错误",
            "timedOut": false,
            "duration": 0,
            "state": "passed",
            "speed": "fast",
            "pass": true,
            "fail": false,
            "pending": false,
            "code": "expect(getTriangleType(-1, 4, 5)).to.be.equal(\"边必须为正数\");",
            "err": {},
            "isRoot": false,
            "uuid": "e224fcf3-6420-4e63-9092-4c9abc58eb00",
            "parentUUID": "a0d9b37d-731b-4eb2-bb77-a01737bea265",
            "skipped": false
          },
          {
            "title": "三边相等应该是等边三角形",
            "fullTitle": "三角形类型判断测试 三边相等应该是等边三角形",
            "timedOut": false,
            "duration": 0,
            "state": "passed",
            "speed": "fast",
            "pass": true,
            "fail": false,
            "pending": false,
            "code": "expect(getTriangleType(3, 3, 3)).to.be.equal(\"等边三角形\");",
            "err": {},
            "isRoot": false,
            "uuid": "498eae01-8647-45bf-90b5-2c2f22f5be91",
            "parentUUID": "a0d9b37d-731b-4eb2-bb77-a01737bea265",
            "skipped": false
          },
          {
            "title": "构成直角三角形时输出结果",
            "fullTitle": "三角形类型判断测试 构成直角三角形时输出结果",
            "timedOut": false,
            "duration": 0,
            "state": "passed",
            "speed": "fast",
            "pass": true,
            "fail": false,
            "pending": false,
            "code": "expect(getTriangleType(3, 4, 5)).to.be.equal(\"直角三角形\");",
            "err": {},
            "isRoot": false,
            "uuid": "103e34d1-9c80-40be-8c62-4740ee1d448e",
            "parentUUID": "a0d9b37d-731b-4eb2-bb77-a01737bea265",
            "skipped": false
          },
          {
            "title": "应该判断直角三角形类型",
            "fullTitle": "三角形类型判断测试 应该判断直角三角形类型",
            "timedOut": false,
            "duration": 0,
            "state": "passed",
            "speed": "fast",
            "pass": true,
            "fail": false,
            "pending": false,
            "code": "expect(getTriangleType(1, 1, Math.sqrt(2))).to.be.equal(\"等腰直角三角形\");",
            "err": {},
            "isRoot": false,
            "uuid": "1543f809-b78f-4c0c-af83-3bb106feb882",
            "parentUUID": "a0d9b37d-731b-4eb2-bb77-a01737bea265",
            "skipped": false
          },
          {
            "title": "判断等腰三角形类型（锐角）",
            "fullTitle": "三角形类型判断测试 判断等腰三角形类型（锐角）",
            "timedOut": false,
            "duration": 1,
            "state": "passed",
            "speed": "fast",
            "pass": true,
            "fail": false,
            "pending": false,
            "code": "expect(getTriangleType(3, 3, 4)).to.be.equal(\"等腰锐角三角形\");",
            "err": {},
            "isRoot": false,
            "uuid": "eb613bd9-f72c-460b-908d-1df814f01a65",
            "parentUUID": "a0d9b37d-731b-4eb2-bb77-a01737bea265",
            "skipped": false
          },
          {
            "title": "判断等腰三角形类型（钝角）",
            "fullTitle": "三角形类型判断测试 判断等腰三角形类型（钝角）",
            "timedOut": false,
            "duration": 0,
            "state": "passed",
            "speed": "fast",
            "pass": true,
            "fail": false,
            "pending": false,
            "code": "expect(getTriangleType(4, 4, 7)).to.be.equal(\"等腰钝角三角形\");",
            "err": {},
            "isRoot": false,
            "uuid": "152c5277-1109-45dd-af54-dedb87b94c9e",
            "parentUUID": "a0d9b37d-731b-4eb2-bb77-a01737bea265",
            "skipped": false
          },
          {
            "title": "三遍不能构成三角形时输出错误",
            "fullTitle": "三角形类型判断测试 三遍不能构成三角形时输出错误",
            "timedOut": false,
            "duration": 0,
            "state": "passed",
            "speed": "fast",
            "pass": true,
            "fail": false,
            "pending": false,
            "code": "expect(getTriangleType(23, 45, 21)).to.be.equal(\"不能构成三角形\");",
            "err": {},
            "isRoot": false,
            "uuid": "c6fea6bf-834b-4f78-a8a9-d02f7a738404",
            "parentUUID": "a0d9b37d-731b-4eb2-bb77-a01737bea265",
            "skipped": false
          },
          {
            "title": "判断钝角三角形",
            "fullTitle": "三角形类型判断测试 判断钝角三角形",
            "timedOut": false,
            "duration": 0,
            "state": "passed",
            "speed": "fast",
            "pass": true,
            "fail": false,
            "pending": false,
            "code": "expect(getTriangleType(2, 3, 4)).to.be.equal(\"钝角三角形\");",
            "err": {},
            "isRoot": false,
            "uuid": "da9fef00-7ad4-411c-94ee-9c769a6069f9",
            "parentUUID": "a0d9b37d-731b-4eb2-bb77-a01737bea265",
            "skipped": false
          }
        ],
        "failures": [],
        "skipped": [],
        "hasTests": true,
        "hasSuites": false,
        "totalTests": 9,
        "totalPasses": 9,
        "totalFailures": 0,
        "totalPending": 0,
        "totalSkipped": 0,
        "hasPasses": true,
        "hasFailures": false,
        "hasPending": false,
        "hasSkipped": false,
        "duration": 1,
        "rootEmpty": false
      }
    ],
    "tests": [],
    "pending": [],
    "root": true,
    "_timeout": 2000,
    "uuid": "4d6ade00-c0b5-4bd5-af46-5dd3f30c85d3",
    "fullFile": "",
    "file": "",
    "passes": [],
    "failures": [],
    "skipped": [],
    "hasTests": false,
    "hasSuites": true,
    "totalTests": 0,
    "totalPasses": 0,
    "totalFailures": 0,
    "totalPending": 0,
    "totalSkipped": 0,
    "hasPasses": false,
    "hasFailures": false,
    "hasPending": false,
    "hasSkipped": false,
    "duration": 0,
    "rootEmpty": true
  },
  "allTests": [
    {
      "title": "类型输入错误时提醒输入错误",
      "fullTitle": "三角形类型判断测试 类型输入错误时提醒输入错误",
      "timedOut": false,
      "duration": 0,
      "state": "passed",
      "speed": "fast",
      "pass": true,
      "fail": false,
      "pending": false,
      "code": "expect(getTriangleType(\"excuse\", 23, 45)).to.be.equal(\"输入类型错误\");",
      "err": {},
      "isRoot": false,
      "uuid": "9efed5f3-b05d-42e8-a0ed-c96acba1f13f",
      "parentUUID": "a0d9b37d-731b-4eb2-bb77-a01737bea265",
      "skipped": false
    },
    {
      "title": "输入负数时提醒输入错误",
      "fullTitle": "三角形类型判断测试 输入负数时提醒输入错误",
      "timedOut": false,
      "duration": 0,
      "state": "passed",
      "speed": "fast",
      "pass": true,
      "fail": false,
      "pending": false,
      "code": "expect(getTriangleType(-1, 4, 5)).to.be.equal(\"边必须为正数\");",
      "err": {},
      "isRoot": false,
      "uuid": "e224fcf3-6420-4e63-9092-4c9abc58eb00",
      "parentUUID": "a0d9b37d-731b-4eb2-bb77-a01737bea265",
      "skipped": false
    },
    {
      "title": "三边相等应该是等边三角形",
      "fullTitle": "三角形类型判断测试 三边相等应该是等边三角形",
      "timedOut": false,
      "duration": 0,
      "state": "passed",
      "speed": "fast",
      "pass": true,
      "fail": false,
      "pending": false,
      "code": "expect(getTriangleType(3, 3, 3)).to.be.equal(\"等边三角形\");",
      "err": {},
      "isRoot": false,
      "uuid": "498eae01-8647-45bf-90b5-2c2f22f5be91",
      "parentUUID": "a0d9b37d-731b-4eb2-bb77-a01737bea265",
      "skipped": false
    },
    {
      "title": "构成直角三角形时输出结果",
      "fullTitle": "三角形类型判断测试 构成直角三角形时输出结果",
      "timedOut": false,
      "duration": 0,
      "state": "passed",
      "speed": "fast",
      "pass": true,
      "fail": false,
      "pending": false,
      "code": "expect(getTriangleType(3, 4, 5)).to.be.equal(\"直角三角形\");",
      "err": {},
      "isRoot": false,
      "uuid": "103e34d1-9c80-40be-8c62-4740ee1d448e",
      "parentUUID": "a0d9b37d-731b-4eb2-bb77-a01737bea265",
      "skipped": false
    },
    {
      "title": "应该判断直角三角形类型",
      "fullTitle": "三角形类型判断测试 应该判断直角三角形类型",
      "timedOut": false,
      "duration": 0,
      "state": "passed",
      "speed": "fast",
      "pass": true,
      "fail": false,
      "pending": false,
      "code": "expect(getTriangleType(1, 1, Math.sqrt(2))).to.be.equal(\"等腰直角三角形\");",
      "err": {},
      "isRoot": false,
      "uuid": "1543f809-b78f-4c0c-af83-3bb106feb882",
      "parentUUID": "a0d9b37d-731b-4eb2-bb77-a01737bea265",
      "skipped": false
    },
    {
      "title": "判断等腰三角形类型（锐角）",
      "fullTitle": "三角形类型判断测试 判断等腰三角形类型（锐角）",
      "timedOut": false,
      "duration": 1,
      "state": "passed",
      "speed": "fast",
      "pass": true,
      "fail": false,
      "pending": false,
      "code": "expect(getTriangleType(3, 3, 4)).to.be.equal(\"等腰锐角三角形\");",
      "err": {},
      "isRoot": false,
      "uuid": "eb613bd9-f72c-460b-908d-1df814f01a65",
      "parentUUID": "a0d9b37d-731b-4eb2-bb77-a01737bea265",
      "skipped": false
    },
    {
      "title": "判断等腰三角形类型（钝角）",
      "fullTitle": "三角形类型判断测试 判断等腰三角形类型（钝角）",
      "timedOut": false,
      "duration": 0,
      "state": "passed",
      "speed": "fast",
      "pass": true,
      "fail": false,
      "pending": false,
      "code": "expect(getTriangleType(4, 4, 7)).to.be.equal(\"等腰钝角三角形\");",
      "err": {},
      "isRoot": false,
      "uuid": "152c5277-1109-45dd-af54-dedb87b94c9e",
      "parentUUID": "a0d9b37d-731b-4eb2-bb77-a01737bea265",
      "skipped": false
    },
    {
      "title": "三遍不能构成三角形时输出错误",
      "fullTitle": "三角形类型判断测试 三遍不能构成三角形时输出错误",
      "timedOut": false,
      "duration": 0,
      "state": "passed",
      "speed": "fast",
      "pass": true,
      "fail": false,
      "pending": false,
      "code": "expect(getTriangleType(23, 45, 21)).to.be.equal(\"不能构成三角形\");",
      "err": {},
      "isRoot": false,
      "uuid": "c6fea6bf-834b-4f78-a8a9-d02f7a738404",
      "parentUUID": "a0d9b37d-731b-4eb2-bb77-a01737bea265",
      "skipped": false
    },
    {
      "title": "判断钝角三角形",
      "fullTitle": "三角形类型判断测试 判断钝角三角形",
      "timedOut": false,
      "duration": 0,
      "state": "passed",
      "speed": "fast",
      "pass": true,
      "fail": false,
      "pending": false,
      "code": "expect(getTriangleType(2, 3, 4)).to.be.equal(\"钝角三角形\");",
      "err": {},
      "isRoot": false,
      "uuid": "da9fef00-7ad4-411c-94ee-9c769a6069f9",
      "parentUUID": "a0d9b37d-731b-4eb2-bb77-a01737bea265",
      "skipped": false
    }
  ],
  "allPending": [],
  "allPasses": [
    {
      "title": "类型输入错误时提醒输入错误",
      "fullTitle": "三角形类型判断测试 类型输入错误时提醒输入错误",
      "timedOut": false,
      "duration": 0,
      "state": "passed",
      "speed": "fast",
      "pass": true,
      "fail": false,
      "pending": false,
      "code": "expect(getTriangleType(\"excuse\", 23, 45)).to.be.equal(\"输入类型错误\");",
      "err": {},
      "isRoot": false,
      "uuid": "9efed5f3-b05d-42e8-a0ed-c96acba1f13f",
      "parentUUID": "a0d9b37d-731b-4eb2-bb77-a01737bea265",
      "skipped": false
    },
    {
      "title": "输入负数时提醒输入错误",
      "fullTitle": "三角形类型判断测试 输入负数时提醒输入错误",
      "timedOut": false,
      "duration": 0,
      "state": "passed",
      "speed": "fast",
      "pass": true,
      "fail": false,
      "pending": false,
      "code": "expect(getTriangleType(-1, 4, 5)).to.be.equal(\"边必须为正数\");",
      "err": {},
      "isRoot": false,
      "uuid": "e224fcf3-6420-4e63-9092-4c9abc58eb00",
      "parentUUID": "a0d9b37d-731b-4eb2-bb77-a01737bea265",
      "skipped": false
    },
    {
      "title": "三边相等应该是等边三角形",
      "fullTitle": "三角形类型判断测试 三边相等应该是等边三角形",
      "timedOut": false,
      "duration": 0,
      "state": "passed",
      "speed": "fast",
      "pass": true,
      "fail": false,
      "pending": false,
      "code": "expect(getTriangleType(3, 3, 3)).to.be.equal(\"等边三角形\");",
      "err": {},
      "isRoot": false,
      "uuid": "498eae01-8647-45bf-90b5-2c2f22f5be91",
      "parentUUID": "a0d9b37d-731b-4eb2-bb77-a01737bea265",
      "skipped": false
    },
    {
      "title": "构成直角三角形时输出结果",
      "fullTitle": "三角形类型判断测试 构成直角三角形时输出结果",
      "timedOut": false,
      "duration": 0,
      "state": "passed",
      "speed": "fast",
      "pass": true,
      "fail": false,
      "pending": false,
      "code": "expect(getTriangleType(3, 4, 5)).to.be.equal(\"直角三角形\");",
      "err": {},
      "isRoot": false,
      "uuid": "103e34d1-9c80-40be-8c62-4740ee1d448e",
      "parentUUID": "a0d9b37d-731b-4eb2-bb77-a01737bea265",
      "skipped": false
    },
    {
      "title": "应该判断直角三角形类型",
      "fullTitle": "三角形类型判断测试 应该判断直角三角形类型",
      "timedOut": false,
      "duration": 0,
      "state": "passed",
      "speed": "fast",
      "pass": true,
      "fail": false,
      "pending": false,
      "code": "expect(getTriangleType(1, 1, Math.sqrt(2))).to.be.equal(\"等腰直角三角形\");",
      "err": {},
      "isRoot": false,
      "uuid": "1543f809-b78f-4c0c-af83-3bb106feb882",
      "parentUUID": "a0d9b37d-731b-4eb2-bb77-a01737bea265",
      "skipped": false
    },
    {
      "title": "判断等腰三角形类型（锐角）",
      "fullTitle": "三角形类型判断测试 判断等腰三角形类型（锐角）",
      "timedOut": false,
      "duration": 1,
      "state": "passed",
      "speed": "fast",
      "pass": true,
      "fail": false,
      "pending": false,
      "code": "expect(getTriangleType(3, 3, 4)).to.be.equal(\"等腰锐角三角形\");",
      "err": {},
      "isRoot": false,
      "uuid": "eb613bd9-f72c-460b-908d-1df814f01a65",
      "parentUUID": "a0d9b37d-731b-4eb2-bb77-a01737bea265",
      "skipped": false
    },
    {
      "title": "判断等腰三角形类型（钝角）",
      "fullTitle": "三角形类型判断测试 判断等腰三角形类型（钝角）",
      "timedOut": false,
      "duration": 0,
      "state": "passed",
      "speed": "fast",
      "pass": true,
      "fail": false,
      "pending": false,
      "code": "expect(getTriangleType(4, 4, 7)).to.be.equal(\"等腰钝角三角形\");",
      "err": {},
      "isRoot": false,
      "uuid": "152c5277-1109-45dd-af54-dedb87b94c9e",
      "parentUUID": "a0d9b37d-731b-4eb2-bb77-a01737bea265",
      "skipped": false
    },
    {
      "title": "三遍不能构成三角形时输出错误",
      "fullTitle": "三角形类型判断测试 三遍不能构成三角形时输出错误",
      "timedOut": false,
      "duration": 0,
      "state": "passed",
      "speed": "fast",
      "pass": true,
      "fail": false,
      "pending": false,
      "code": "expect(getTriangleType(23, 45, 21)).to.be.equal(\"不能构成三角形\");",
      "err": {},
      "isRoot": false,
      "uuid": "c6fea6bf-834b-4f78-a8a9-d02f7a738404",
      "parentUUID": "a0d9b37d-731b-4eb2-bb77-a01737bea265",
      "skipped": false
    },
    {
      "title": "判断钝角三角形",
      "fullTitle": "三角形类型判断测试 判断钝角三角形",
      "timedOut": false,
      "duration": 0,
      "state": "passed",
      "speed": "fast",
      "pass": true,
      "fail": false,
      "pending": false,
      "code": "expect(getTriangleType(2, 3, 4)).to.be.equal(\"钝角三角形\");",
      "err": {},
      "isRoot": false,
      "uuid": "da9fef00-7ad4-411c-94ee-9c769a6069f9",
      "parentUUID": "a0d9b37d-731b-4eb2-bb77-a01737bea265",
      "skipped": false
    }
  ],
  "allFailures": [],
  "copyrightYear": 2017
}